<?xml version="1.0" encoding="UTF-8"?>
<!-- Generated by org.testng.reporters.JUnitXMLReporter -->
<testsuite ignored="0" hostname="Ram" failures="0" tests="4" name="TestNG" time="67.877" errors="0" timestamp="2023-06-22T12:20:01 EDT">
  <testcase classname="testLayer.LoginTest" name="Title" time="0.04"/>
  <testcase classname="testLayer.LoginTest" name="login" time="0.293"/>
  <testcase classname="testLayer.LoginTest" name="login" time="0.272"/>
  <testcase classname="testLayer.LoginTest" name="login" time="0.274"/>
</testsuite> <!-- TestNG -->
