<?xml version="1.0" encoding="UTF-8"?>
<!-- Generated by org.testng.reporters.JUnitXMLReporter -->
<testsuite ignored="0" hostname="Ram" failures="0" tests="4" name="Default test" time="75.502" errors="0" timestamp="2023-06-22T13:51:16 EDT">
  <testcase classname="testLayer.LoginTest" name="Title" time="0.087"/>
  <testcase classname="testLayer.LoginTest" name="login" time="0.67"/>
  <testcase classname="testLayer.LoginTest" name="login" time="0.31"/>
  <testcase classname="testLayer.LoginTest" name="login" time="0.255"/>
</testsuite> <!-- Default test -->
