<?xml version="1.0" encoding="UTF-8"?>
<testng-results ignored="0" total="4" passed="4" failed="0" skipped="0">
  <reporter-output>
  </reporter-output>
  <suite started-at="2023-06-22T13:50:00 EDT" name="Default suite" finished-at="2023-06-22T13:51:16 EDT" duration-ms="75502">
    <groups>
    </groups>
    <test started-at="2023-06-22T13:50:00 EDT" name="Default test" finished-at="2023-06-22T13:51:16 EDT" duration-ms="75502">
      <class name="testLayer.LoginTest">
        <test-method is-config="true" signature="intsetup()[pri:0, instance:testLayer.LoginTest@793f29ff]" started-at="2023-06-22T13:50:00 EDT" name="intsetup" finished-at="2023-06-22T13:50:21 EDT" duration-ms="20201" status="PASS">
          <reporter-output>
          </reporter-output>
        </test-method> <!-- intsetup -->
        <test-method signature="Title()[pri:1, instance:testLayer.LoginTest@793f29ff]" started-at="2023-06-22T13:50:21 EDT" name="Title" finished-at="2023-06-22T13:50:21 EDT" duration-ms="87" status="PASS">
          <reporter-output>
          </reporter-output>
        </test-method> <!-- Title -->
        <test-method is-config="true" signature="close()[pri:0, instance:testLayer.LoginTest@793f29ff]" started-at="2023-06-22T13:50:21 EDT" name="close" finished-at="2023-06-22T13:50:21 EDT" duration-ms="327" status="PASS">
          <reporter-output>
          </reporter-output>
        </test-method> <!-- close -->
        <test-method is-config="true" signature="intsetup()[pri:0, instance:testLayer.LoginTest@793f29ff]" started-at="2023-06-22T13:50:26 EDT" name="intsetup" finished-at="2023-06-22T13:50:41 EDT" duration-ms="15696" status="PASS">
          <reporter-output>
          </reporter-output>
        </test-method> <!-- intsetup -->
        <test-method signature="login(java.lang.String,java.lang.String)[pri:2, instance:testLayer.LoginTest@793f29ff]" started-at="2023-06-22T13:50:41 EDT" name="login" data-provider="Details" finished-at="2023-06-22T13:50:42 EDT" duration-ms="670" status="PASS">
          <params>
            <param index="0">
              <value>
                <![CDATA[Admin]]>
              </value>
            </param>
            <param index="1">
              <value>
                <![CDATA[admin123]]>
              </value>
            </param>
          </params>
          <reporter-output>
          </reporter-output>
        </test-method> <!-- login -->
        <test-method is-config="true" signature="close()[pri:0, instance:testLayer.LoginTest@793f29ff]" started-at="2023-06-22T13:50:42 EDT" name="close" finished-at="2023-06-22T13:50:42 EDT" duration-ms="208" status="PASS">
          <reporter-output>
          </reporter-output>
        </test-method> <!-- close -->
        <test-method is-config="true" signature="intsetup()[pri:0, instance:testLayer.LoginTest@793f29ff]" started-at="2023-06-22T13:50:42 EDT" name="intsetup" finished-at="2023-06-22T13:50:56 EDT" duration-ms="14171" status="PASS">
          <reporter-output>
          </reporter-output>
        </test-method> <!-- intsetup -->
        <test-method signature="login(java.lang.String,java.lang.String)[pri:2, instance:testLayer.LoginTest@793f29ff]" started-at="2023-06-22T13:50:56 EDT" name="login" data-provider="Details" finished-at="2023-06-22T13:50:57 EDT" duration-ms="310" status="PASS">
          <params>
            <param index="0">
              <value>
                <![CDATA[Scott]]>
              </value>
            </param>
            <param index="1">
              <value>
                <![CDATA[admin123]]>
              </value>
            </param>
          </params>
          <reporter-output>
          </reporter-output>
        </test-method> <!-- login -->
        <test-method is-config="true" signature="close()[pri:0, instance:testLayer.LoginTest@793f29ff]" started-at="2023-06-22T13:50:57 EDT" name="close" finished-at="2023-06-22T13:50:59 EDT" duration-ms="2247" status="PASS">
          <reporter-output>
          </reporter-output>
        </test-method> <!-- close -->
        <test-method is-config="true" signature="intsetup()[pri:0, instance:testLayer.LoginTest@793f29ff]" started-at="2023-06-22T13:50:59 EDT" name="intsetup" finished-at="2023-06-22T13:51:15 EDT" duration-ms="16338" status="PASS">
          <reporter-output>
          </reporter-output>
        </test-method> <!-- intsetup -->
        <test-method signature="login(java.lang.String,java.lang.String)[pri:2, instance:testLayer.LoginTest@793f29ff]" started-at="2023-06-22T13:51:15 EDT" name="login" data-provider="Details" finished-at="2023-06-22T13:51:16 EDT" duration-ms="255" status="PASS">
          <params>
            <param index="0">
              <value>
                <![CDATA[allen]]>
              </value>
            </param>
            <param index="1">
              <value>
                <![CDATA[asdf]]>
              </value>
            </param>
          </params>
          <reporter-output>
          </reporter-output>
        </test-method> <!-- login -->
        <test-method is-config="true" signature="close()[pri:0, instance:testLayer.LoginTest@793f29ff]" started-at="2023-06-22T13:51:16 EDT" name="close" finished-at="2023-06-22T13:51:16 EDT" duration-ms="287" status="PASS">
          <reporter-output>
          </reporter-output>
        </test-method> <!-- close -->
      </class> <!-- testLayer.LoginTest -->
    </test> <!-- Default test -->
  </suite> <!-- Default suite -->
</testng-results>
